TN:
SF:script/DeployPriceFeed.s.sol
DA:16,0
FN:16,DeployPriceFeed.run
FNDA:0,DeployPriceFeed.run
DA:17,0
DA:19,0
DA:20,0
DA:23,0
FN:23,DeployPriceFeed._depolyOracle
FNDA:0,DeployPriceFeed._depolyOracle
DA:24,0
DA:25,0
DA:27,0
DA:29,0
DA:30,0
FNF:2
FNH:0
LF:10
LH:0
BRF:0
BRH:0
end_of_record
TN:
SF:src/IfaPriceFeed.sol
DA:21,24
FN:21,IfaPriceFeed.constructor
FNDA:24,IfaPriceFeed.constructor
DA:22,24
DA:25,67
FN:25,IfaPriceFeed.onlyVerifier
FNDA:67,IfaPriceFeed.onlyVerifier
DA:26,67
BRDA:26,0,0,1
DA:27,1
DA:35,68
FN:35,IfaPriceFeed.getAssetInfo
FNDA:68,IfaPriceFeed.getAssetInfo
DA:36,68
DA:42,3
FN:42,IfaPriceFeed.getAssetsInfo
FNDA:3,IfaPriceFeed.getAssetsInfo
DA:43,3
DA:44,3
DA:45,3
DA:46,3
DA:47,4
DA:49,3
DA:57,3
FN:57,IfaPriceFeed.getPairbyId
FNDA:3,IfaPriceFeed.getPairbyId
DA:62,3
DA:69,2
FN:69,IfaPriceFeed.getPairsbyIdForward
FNDA:2,IfaPriceFeed.getPairsbyIdForward
DA:74,2
DA:75,2
DA:77,2
BRDA:77,1,0,1
BRDA:77,1,1,1
DA:81,1
DA:82,2
DA:84,1
DA:92,2
FN:92,IfaPriceFeed.getPairsbyIdBackward
FNDA:2,IfaPriceFeed.getPairsbyIdBackward
DA:97,2
DA:98,2
DA:100,2
BRDA:100,2,0,1
BRDA:100,2,1,1
DA:104,1
DA:105,2
DA:107,1
DA:115,2
FN:115,IfaPriceFeed.getPairsbyId
FNDA:2,IfaPriceFeed.getPairsbyId
DA:120,2
DA:121,2
DA:123,2
BRDA:123,3,0,1
BRDA:123,3,1,1
DA:127,1
DA:128,2
DA:130,1
DA:138,9
FN:138,IfaPriceFeed._getPairInfo
FNDA:9,IfaPriceFeed._getPairInfo
DA:143,9
DA:144,9
DA:145,9
BRDA:145,4,0,-
DA:146,9
BRDA:146,5,0,1
DA:147,8
DA:148,8
DA:149,8
DA:150,8
DA:151,8
DA:152,8
DA:153,8
DA:154,8
DA:156,8
BRDA:156,6,0,4
BRDA:156,6,1,4
DA:159,4
DA:160,4
DA:162,4
DA:163,4
DA:166,8
DA:177,67
FN:177,IfaPriceFeed.setAssetInfo
FNDA:67,IfaPriceFeed.setAssetInfo
DA:178,66
DA:183,28
FN:183,IfaPriceFeed.setVerifier
FNDA:28,IfaPriceFeed.setVerifier
DA:184,27
BRDA:184,7,0,1
BRDA:184,7,1,26
DA:185,26
DA:186,26
DA:192,90
FN:192,IfaPriceFeed._getAssetInfo
FNDA:90,IfaPriceFeed._getAssetInfo
DA:194,90
BRDA:194,8,0,23
BRDA:194,8,1,67
DA:195,23
DA:196,23
DA:198,67
DA:199,67
DA:206,66
FN:206,IfaPriceFeed._setAssetInfo
FNDA:66,IfaPriceFeed._setAssetInfo
DA:208,66
DA:209,66
DA:216,8
FN:216,IfaPriceFeed._min
FNDA:8,IfaPriceFeed._min
DA:217,8
BRDA:217,9,0,-
BRDA:217,9,1,8
DA:218,0
DA:220,8
DA:229,16
FN:229,IfaPriceFeed._scalePrice
FNDA:16,IfaPriceFeed._scalePrice
DA:230,16
DA:234,24
FN:234,IfaPriceFeed._guardInitializeOwner
FNDA:24,IfaPriceFeed._guardInitializeOwner
DA:235,24
FNF:16
FNH:16
LF:79
LH:78
BRF:17
BRH:15
end_of_record
TN:
SF:src/IfaPriceFeedVerifier.sol
DA:16,24
FN:16,IfaPriceFeedVerifier.constructor
FNDA:24,IfaPriceFeedVerifier.constructor
DA:17,24
DA:18,24
DA:19,24
DA:22,24
FN:22,IfaPriceFeedVerifier.onlyRelayerNode
FNDA:24,IfaPriceFeedVerifier.onlyRelayerNode
DA:23,24
BRDA:23,0,0,1
BRDA:23,0,1,23
DA:27,24
FN:27,IfaPriceFeedVerifier.submitPriceFeed
FNDA:24,IfaPriceFeedVerifier.submitPriceFeed
DA:31,23
BRDA:31,1,0,1
BRDA:31,1,1,22
DA:33,22
DA:34,64
DA:35,64
DA:36,64
DA:37,64
DA:38,64
BRDA:38,2,0,-
DA:39,0
DA:42,64
DA:46,0
FN:46,IfaPriceFeedVerifier.setRelayerNode
FNDA:0,IfaPriceFeedVerifier.setRelayerNode
DA:47,0
BRDA:47,3,0,-
BRDA:47,3,1,-
DA:48,0
DA:52,24
FN:52,IfaPriceFeedVerifier._guardInitializeOwner
FNDA:24,IfaPriceFeedVerifier._guardInitializeOwner
DA:53,24
FNF:5
FNH:4
LF:21
LH:17
BRF:7
BRH:4
end_of_record
TN:
SF:test/BaseTest.t.sol
DA:50,24
FN:50,BaseTest.setUp
FNDA:24,BaseTest.setUp
DA:51,24
DA:54,24
DA:55,24
DA:58,24
DA:60,24
DA:64,21
FN:64,BaseTest.initializeAssetPrices
FNDA:21,BaseTest.initializeAssetPrices
DA:65,21
DA:66,21
DA:68,21
DA:69,21
DA:70,21
DA:72,21
DA:73,21
DA:74,21
DA:76,21
DA:77,21
FNF:2
FNH:2
LF:17
LH:17
BRF:0
BRH:0
end_of_record
