TN:
SF:script/DeployPriceFeed.s.sol
DA:16,0
FN:16,DeployPriceFeed.run
FNDA:0,DeployPriceFeed.run
DA:17,0
DA:19,0
DA:20,0
DA:23,0
FN:23,DeployPriceFeed._depolyOracle
FNDA:0,DeployPriceFeed._depolyOracle
DA:24,0
DA:25,0
DA:27,0
DA:29,0
DA:30,0
FNF:2
FNH:0
LF:10
LH:0
BRF:0
BRH:0
end_of_record
TN:
SF:src/IfaPriceFeed.sol
DA:21,28
FN:21,IfaPriceFeed.constructor
FNDA:28,IfaPriceFeed.constructor
DA:22,28
DA:25,68
FN:25,IfaPriceFeed.onlyVerifier
FNDA:68,IfaPriceFeed.onlyVerifier
DA:26,68
BRDA:26,0,0,1
DA:27,1
DA:35,70
FN:35,IfaPriceFeed.getAssetInfo
FNDA:70,IfaPriceFeed.getAssetInfo
DA:36,70
DA:42,3
FN:42,IfaPriceFeed.getAssetsInfo
FNDA:3,IfaPriceFeed.getAssetsInfo
DA:43,3
DA:44,3
DA:45,3
DA:46,3
DA:47,4
DA:49,3
DA:57,3
FN:57,IfaPriceFeed.getPairbyId
FNDA:3,IfaPriceFeed.getPairbyId
DA:62,3
DA:69,2
FN:69,IfaPriceFeed.getPairsbyIdForward
FNDA:2,IfaPriceFeed.getPairsbyIdForward
DA:74,2
DA:75,2
DA:77,2
BRDA:77,1,0,1
BRDA:77,1,1,1
DA:81,1
DA:82,2
DA:84,1
DA:92,2
FN:92,IfaPriceFeed.getPairsbyIdBackward
FNDA:2,IfaPriceFeed.getPairsbyIdBackward
DA:97,2
DA:98,2
DA:100,2
BRDA:100,2,0,1
BRDA:100,2,1,1
DA:104,1
DA:105,2
DA:107,1
DA:115,2
FN:115,IfaPriceFeed.getPairsbyId
FNDA:2,IfaPriceFeed.getPairsbyId
DA:120,2
DA:121,2
DA:123,2
BRDA:123,3,0,1
BRDA:123,3,1,1
DA:127,1
DA:128,2
DA:130,1
DA:138,9
FN:138,IfaPriceFeed._getPairInfo
FNDA:9,IfaPriceFeed._getPairInfo
DA:143,9
DA:144,9
DA:145,9
BRDA:145,4,0,-
DA:146,9
BRDA:146,5,0,1
DA:147,8
DA:148,8
DA:149,8
DA:150,8
DA:151,8
DA:152,8
DA:153,8
DA:154,8
DA:155,8
BRDA:155,6,0,-
BRDA:155,6,1,8
DA:156,0
DA:158,8
DA:160,8
BRDA:160,7,0,4
BRDA:160,7,1,4
DA:164,4
DA:169,4
DA:174,8
DA:185,68
FN:185,IfaPriceFeed.setAssetInfo
FNDA:68,IfaPriceFeed.setAssetInfo
DA:186,67
DA:191,32
FN:191,IfaPriceFeed.setVerifier
FNDA:32,IfaPriceFeed.setVerifier
DA:192,31
BRDA:192,8,0,1
BRDA:192,8,1,30
DA:193,30
DA:194,30
DA:200,92
FN:200,IfaPriceFeed._getAssetInfo
FNDA:92,IfaPriceFeed._getAssetInfo
DA:202,92
BRDA:202,9,0,24
BRDA:202,9,1,68
DA:203,24
DA:204,24
DA:206,68
DA:207,68
DA:214,67
FN:214,IfaPriceFeed._setAssetInfo
FNDA:67,IfaPriceFeed._setAssetInfo
DA:216,67
DA:217,67
DA:224,8
FN:224,IfaPriceFeed._min
FNDA:8,IfaPriceFeed._min
DA:225,8
BRDA:225,10,0,-
BRDA:225,10,1,8
DA:226,0
DA:228,8
DA:237,16
FN:237,IfaPriceFeed._scalePrice
FNDA:16,IfaPriceFeed._scalePrice
DA:238,16
DA:242,28
FN:242,IfaPriceFeed._guardInitializeOwner
FNDA:28,IfaPriceFeed._guardInitializeOwner
DA:243,28
FNF:16
FNH:16
LF:80
LH:78
BRF:19
BRH:16
end_of_record
TN:
SF:src/IfaPriceFeedVerifier.sol
DA:16,28
FN:16,IfaPriceFeedVerifier.constructor
FNDA:28,IfaPriceFeedVerifier.constructor
DA:17,28
DA:18,28
DA:19,28
DA:22,25
FN:22,IfaPriceFeedVerifier.onlyRelayerNode
FNDA:25,IfaPriceFeedVerifier.onlyRelayerNode
DA:23,25
BRDA:23,0,0,1
BRDA:23,0,1,24
DA:27,25
FN:27,IfaPriceFeedVerifier.submitPriceFeed
FNDA:25,IfaPriceFeedVerifier.submitPriceFeed
DA:31,24
BRDA:31,1,0,1
BRDA:31,1,1,23
DA:33,23
DA:34,65
DA:35,65
DA:36,65
DA:37,65
DA:38,65
BRDA:38,2,0,-
DA:39,0
DA:42,65
DA:46,3
FN:46,IfaPriceFeedVerifier.setRelayerNode
FNDA:3,IfaPriceFeedVerifier.setRelayerNode
DA:47,2
BRDA:47,3,0,1
BRDA:47,3,1,1
DA:48,1
DA:52,28
FN:52,IfaPriceFeedVerifier._guardInitializeOwner
FNDA:28,IfaPriceFeedVerifier._guardInitializeOwner
DA:53,28
FNF:5
FNH:5
LF:21
LH:20
BRF:7
BRH:6
end_of_record
TN:
SF:test/BaseTest.t.sol
DA:50,28
FN:50,BaseTest.setUp
FNDA:28,BaseTest.setUp
DA:51,28
DA:54,28
DA:55,28
DA:58,28
DA:60,28
DA:64,21
FN:64,BaseTest.initializeAssetPrices
FNDA:21,BaseTest.initializeAssetPrices
DA:65,21
DA:66,21
DA:68,21
DA:69,21
DA:70,21
DA:72,21
DA:73,21
DA:74,21
DA:76,21
DA:77,21
FNF:2
FNH:2
LF:17
LH:17
BRF:0
BRH:0
end_of_record
